Using pre-set license
Built from '2020.2/release' branch; Version is '2020.2.2f1 (068178b99f32) revision 426360'; Using compiler version '192528614'; Build Type 'Release'
OS: 'Windows 10 Pro; OS build 19043.964; Version 2009; 64bit' Language: 'en' Physical Memory: 32608 MB
BatchMode: 1, IsHumanControllingUs: 0, StartBugReporterOnCrash: 0, Is64bit: 1, IsPro: 0

 COMMAND LINE ARGUMENTS:
D:\Applications\Unity\Editors\2020.2.2f1\Editor\Unity.exe
-adb2
-batchMode
-noUpm
-name
AssetImportWorker0
-projectPath
C:/Users/ozaud/Desktop/Mall
-logFile
Logs/AssetImportWorker0.log
-srvPort
58830
Successfully changed project path to: C:/Users/ozaud/Desktop/Mall
C:/Users/ozaud/Desktop/Mall
Using Asset Import Pipeline V2.
Refreshing native plugins compatible for Editor in 22.68 ms, found 0 plugins.
Preloading 0 native plugins for Editor in 0.00 ms.
Initialize engine version: 2020.2.2f1 (068178b99f32)
[Subsystems] Discovering subsystems at path D:/Applications/Unity/Editors/2020.2.2f1/Editor/Data/Resources/UnitySubsystems
[Subsystems] Discovering subsystems at path C:/Users/ozaud/Desktop/Mall/Assets
GfxDevice: creating device client; threaded=0
Direct3D:
    Version:  Direct3D 11.0 [level 11.1]
    Renderer: NVIDIA GeForce GTX 1070 with Max-Q Design (ID=0x1ba1)
    Vendor:   
    VRAM:     8082 MB
    Driver:   27.21.14.6231
Initialize mono
Mono path[0] = 'D:/Applications/Unity/Editors/2020.2.2f1/Editor/Data/Managed'
Mono path[1] = 'D:/Applications/Unity/Editors/2020.2.2f1/Editor/Data/MonoBleedingEdge/lib/mono/unityjit'
Mono config path = 'D:/Applications/Unity/Editors/2020.2.2f1/Editor/Data/MonoBleedingEdge/etc'
Using monoOptions --debugger-agent=transport=dt_socket,embedding=1,server=y,suspend=n,address=127.0.0.1:56924
Begin MonoManager ReloadAssembly
Registering precompiled unity dll's ...
Register platform support module: D:/Applications/Unity/Editors/2020.2.2f1/Editor/Data/PlaybackEngines/WebGLSupport/UnityEditor.WebGL.Extensions.dll
Register platform support module: D:/Applications/Unity/Editors/2020.2.2f1/Editor/Data/PlaybackEngines/MacStandaloneSupport/UnityEditor.OSXStandalone.Extensions.dll
Register platform support module: D:/Applications/Unity/Editors/2020.2.2f1/Editor/Data/PlaybackEngines/WindowsStandaloneSupport/UnityEditor.WindowsStandalone.Extensions.dll
Registered in 0.001541 seconds.
Native extension for WindowsStandalone target not found
Native extension for OSXStandalone target not found
Native extension for WebGL target not found
Refreshing native plugins compatible for Editor in 23.68 ms, found 0 plugins.
Preloading 0 native plugins for Editor in 0.00 ms.
Invoked RoslynAnalysisRunner static constructor.
RoslynAnalysisRunner will not be running.
RoslynAnalysisRunner has terminated.
Mono: successfully reloaded assembly
- Completed reload, in  1.112 seconds
Platform modules already initialized, skipping
Registering precompiled user dll's ...
Registered in 0.000692 seconds.
Begin MonoManager ReloadAssembly
Native extension for WindowsStandalone target not found
Native extension for OSXStandalone target not found
Native extension for WebGL target not found
Refreshing native plugins compatible for Editor in 0.22 ms, found 0 plugins.
Preloading 0 native plugins for Editor in 0.00 ms.
Invoked RoslynAnalysisRunner static constructor.
RoslynAnalysisRunner will not be running.
RoslynAnalysisRunner has terminated.
Mono: successfully reloaded assembly
- Completed reload, in  0.833 seconds
Platform modules already initialized, skipping
========================================================================
Worker process is ready to serve import requests
Launched and connected shader compiler UnityShaderCompiler.exe after 0.06 seconds
Refreshing native plugins compatible for Editor in 0.20 ms, found 0 plugins.
Preloading 0 native plugins for Editor in 0.00 ms.
Unloading 1101 Unused Serialized files (Serialized files now loaded: 0)
System memory in use before: 56.6 MB.
System memory in use after: 56.7 MB.

Unloading 9 unused Assets to reduce memory usage. Loaded Objects now: 1543.
Total: 2.395000 ms (FindLiveObjects: 0.240800 ms CreateObjectMapping: 0.131100 ms MarkObjects: 1.937700 ms  DeleteObjects: 0.083600 ms)

========================================================================
Received Import Request.
  path: ProjectSettings/TagManager.asset
  artifactKey: Guid(00000000000000003000000000000000) Importer(815301076,1909f56bfc062723c751e8b465ee728b)
Start importing ProjectSettings/TagManager.asset using Guid(00000000000000003000000000000000) Importer(815301076,1909f56bfc062723c751e8b465ee728b)  -> (artifact id: 'e8c3ab6b558fa7fe7c42e9a55a892947') in 0.063853 seconds
  Import took 0.066643 seconds .

========================================================================
Received Import Request.
  Time since last request: 29.425686 seconds.
  path: ProjectSettings/TagManager.asset
  artifactKey: Guid(00000000000000003000000000000000) Importer(815301076,1909f56bfc062723c751e8b465ee728b)
Start importing ProjectSettings/TagManager.asset using Guid(00000000000000003000000000000000) Importer(815301076,1909f56bfc062723c751e8b465ee728b)  -> (artifact id: 'f61c3c479a191430424ab823a32a2a51') in 0.002473 seconds
  Import took 0.005540 seconds .

========================================================================
Received Import Request.
  Time since last request: 71.185569 seconds.
  path: Assets/Art/MallLayout.jpeg
  artifactKey: Guid(f7e3922ca096747dc94b43b590e20894) Importer(815301076,1909f56bfc062723c751e8b465ee728b)
Start importing Assets/Art/MallLayout.jpeg using Guid(f7e3922ca096747dc94b43b590e20894) Importer(815301076,1909f56bfc062723c751e8b465ee728b)  -> (artifact id: '58e57338eadd6648f3c60fbcf24f9c33') in 0.104017 seconds
  Import took 0.106285 seconds .

========================================================================
Received Import Request.
  Time since last request: 0.927278 seconds.
  path: Assets/Art/Materials
  artifactKey: Guid(406819b5ea3b24ca2b5149bbc5a546dc) Importer(815301076,1909f56bfc062723c751e8b465ee728b)
Start importing Assets/Art/Materials using Guid(406819b5ea3b24ca2b5149bbc5a546dc) Importer(815301076,1909f56bfc062723c751e8b465ee728b)  -> (artifact id: '229d17f11c9ecda793ab1cce53ad4061') in 0.007711 seconds
  Import took 0.009903 seconds .

========================================================================
Received Import Request.
  Time since last request: 0.054877 seconds.
  path: Assets/Art/Materials/MallLayout.mat
  artifactKey: Guid(470710e4357fb4616848d87b3a7f410c) Importer(815301076,1909f56bfc062723c751e8b465ee728b)
Start importing Assets/Art/Materials/MallLayout.mat using Guid(470710e4357fb4616848d87b3a7f410c) Importer(815301076,1909f56bfc062723c751e8b465ee728b)  -> (artifact id: '2ea065ec3a4d8c4bf15f9fc7a92254e6') in 0.109597 seconds
  Import took 0.112402 seconds .

========================================================================
Received Import Request.
  Time since last request: 0.000225 seconds.
  path: Assets/Art/Materials/Walls.mat
  artifactKey: Guid(1cb19f4efb0ef4e6c9383c52f106890d) Importer(815301076,1909f56bfc062723c751e8b465ee728b)
Start importing Assets/Art/Materials/Walls.mat using Guid(1cb19f4efb0ef4e6c9383c52f106890d) Importer(815301076,1909f56bfc062723c751e8b465ee728b)  -> (artifact id: '99230589af9feef1475495f92aeb3697') in 0.018760 seconds
  Import took 0.021879 seconds .

========================================================================
Received Import Request.
  Time since last request: 2.767362 seconds.
  path: Assets/Scenes/Prefab/Rest.prefab
  artifactKey: Guid(28945d5717fd43f48b23bb17d1fa0c34) Importer(815301076,1909f56bfc062723c751e8b465ee728b)
Start importing Assets/Scenes/Prefab/Rest.prefab using Guid(28945d5717fd43f48b23bb17d1fa0c34) Importer(815301076,1909f56bfc062723c751e8b465ee728b)  -> (artifact id: 'ccc6814d810fd527a193b0fe1aa695b2') in 0.024866 seconds
  Import took 0.027809 seconds .

========================================================================
Received Import Request.
  Time since last request: 1.157578 seconds.
  path: Assets/Scenes/Materials/Food.mat
  artifactKey: Guid(668f0c4906d0e134ea3e83d0587f02e2) Importer(815301076,1909f56bfc062723c751e8b465ee728b)
Start importing Assets/Scenes/Materials/Food.mat using Guid(668f0c4906d0e134ea3e83d0587f02e2) Importer(815301076,1909f56bfc062723c751e8b465ee728b)  -> (artifact id: '0f81e4a934d52d4bc2a4d8d90ffb2dab') in 0.014457 seconds
  Import took 0.016585 seconds .

========================================================================
Received Import Request.
  Time since last request: 0.000280 seconds.
  path: Assets/Scenes/Materials/Rest Area.mat
  artifactKey: Guid(05f1796b356818943a9d0bc59b19aec2) Importer(815301076,1909f56bfc062723c751e8b465ee728b)
Start importing Assets/Scenes/Materials/Rest Area.mat using Guid(05f1796b356818943a9d0bc59b19aec2) Importer(815301076,1909f56bfc062723c751e8b465ee728b)  -> (artifact id: '803b2a097c24a45686ba42ac987f3b82') in 0.014993 seconds
  Import took 0.017718 seconds .

========================================================================
Received Import Request.
  Time since last request: 0.700030 seconds.
  path: Assets/Scenes/SampleScene/NavMesh.asset
  artifactKey: Guid(afbe425e95751fd42ad9cf0958c01235) Importer(815301076,1909f56bfc062723c751e8b465ee728b)
Start importing Assets/Scenes/SampleScene/NavMesh.asset using Guid(afbe425e95751fd42ad9cf0958c01235) Importer(815301076,1909f56bfc062723c751e8b465ee728b)  -> (artifact id: 'd474cc4fc2135ca77ce4cc8f5de86399') in 0.006846 seconds
  Import took 0.009609 seconds .

========================================================================
Received Import Request.
  Time since last request: 10.335023 seconds.
  path: Assets/Prefab/Cube.prefab
  artifactKey: Guid(3c3ef41e1de75e14b8a1093e286ab5bf) Importer(815301076,1909f56bfc062723c751e8b465ee728b)
Start importing Assets/Prefab/Cube.prefab using Guid(3c3ef41e1de75e14b8a1093e286ab5bf) Importer(815301076,1909f56bfc062723c751e8b465ee728b)  -> (artifact id: 'a418c07cdb0f643d399ed4a5de8b7bc2') in 0.015725 seconds
  Import took 0.017966 seconds .

========================================================================
Received Import Request.
  Time since last request: 0.031467 seconds.
  path: Assets/Prefab/Cube.prefab
  artifactKey: Guid(3c3ef41e1de75e14b8a1093e286ab5bf) Importer(815301076,1909f56bfc062723c751e8b465ee728b)
Start importing Assets/Prefab/Cube.prefab using Guid(3c3ef41e1de75e14b8a1093e286ab5bf) Importer(815301076,1909f56bfc062723c751e8b465ee728b)  -> (artifact id: 'a418c07cdb0f643d399ed4a5de8b7bc2') in 0.008040 seconds
  Import took 0.009854 seconds .

========================================================================
Received Import Request.
  Time since last request: 4.279569 seconds.
  path: Assets/Prefab/Cube.prefab
  artifactKey: Guid(3c3ef41e1de75e14b8a1093e286ab5bf) Importer(815301076,1909f56bfc062723c751e8b465ee728b)
Start importing Assets/Prefab/Cube.prefab using Guid(3c3ef41e1de75e14b8a1093e286ab5bf) Importer(815301076,1909f56bfc062723c751e8b465ee728b)  -> (artifact id: '81a0dd837eb6d52259a83f1f7fc1e419') in 0.008224 seconds
  Import took 0.009995 seconds .

========================================================================
Received Import Request.
  Time since last request: 0.018325 seconds.
  path: Assets/Prefab/Cube.prefab
  artifactKey: Guid(3c3ef41e1de75e14b8a1093e286ab5bf) Importer(815301076,1909f56bfc062723c751e8b465ee728b)
Start importing Assets/Prefab/Cube.prefab using Guid(3c3ef41e1de75e14b8a1093e286ab5bf) Importer(815301076,1909f56bfc062723c751e8b465ee728b)  -> (artifact id: '81a0dd837eb6d52259a83f1f7fc1e419') in 0.008743 seconds
  Import took 0.010637 seconds .

========================================================================
Received Import Request.
  Time since last request: 36.512253 seconds.
  path: Assets/New Animator Controller.controller
  artifactKey: Guid(8da6f0f6113ee1c499cd9b0c7671a2fa) Importer(815301076,1909f56bfc062723c751e8b465ee728b)
Start importing Assets/New Animator Controller.controller using Guid(8da6f0f6113ee1c499cd9b0c7671a2fa) Importer(815301076,1909f56bfc062723c751e8b465ee728b)  -> (artifact id: '7c709644e9fced25cb30eece159f1ec7') in 0.010331 seconds
  Import took 0.012792 seconds .

========================================================================
Received Prepare
Registering precompiled user dll's ...
Registered in 0.000642 seconds.
Begin MonoManager ReloadAssembly
Native extension for WindowsStandalone target not found
Native extension for OSXStandalone target not found
Native extension for WebGL target not found
Refreshing native plugins compatible for Editor in 0.21 ms, found 0 plugins.
Preloading 0 native plugins for Editor in 0.00 ms.
Invoked RoslynAnalysisRunner static constructor.
RoslynAnalysisRunner will not be running.
RoslynAnalysisRunner has terminated.
Mono: successfully reloaded assembly
- Completed reload, in  0.825 seconds
Platform modules already initialized, skipping
Refreshing native plugins compatible for Editor in 0.24 ms, found 0 plugins.
Preloading 0 native plugins for Editor in 0.00 ms.
Unloading 1096 Unused Serialized files (Serialized files now loaded: 0)
System memory in use before: 60.0 MB.
System memory in use after: 60.1 MB.

Unloading 7 unused Assets to reduce memory usage. Loaded Objects now: 1590.
Total: 1.544200 ms (FindLiveObjects: 0.110300 ms CreateObjectMapping: 0.027400 ms MarkObjects: 1.386800 ms  DeleteObjects: 0.018500 ms)

========================================================================
Received Import Request.
  Time since last request: 78.241344 seconds.
  path: Assets/Scripts
  artifactKey: Guid(8b66793750a6dbf4fbb2b24ade30f435) Importer(815301076,1909f56bfc062723c751e8b465ee728b)
Start importing Assets/Scripts using Guid(8b66793750a6dbf4fbb2b24ade30f435) Importer(815301076,1909f56bfc062723c751e8b465ee728b)  -> (artifact id: '059d486cc5900449b106fd013f006e8b') in 0.008004 seconds
  Import took 0.011778 seconds .

========================================================================
Received Import Request.
  Time since last request: 0.062947 seconds.
  path: Assets/DecisionRoot.cs
  artifactKey: Guid(4ad77c472f2b3fb4f8542c3b03c83afa) Importer(815301076,1909f56bfc062723c751e8b465ee728b)
Start importing Assets/DecisionRoot.cs using Guid(4ad77c472f2b3fb4f8542c3b03c83afa) Importer(815301076,1909f56bfc062723c751e8b465ee728b)  -> (artifact id: 'f3f5ed7cdd772c2a3a57afef09d4f69c') in 0.011176 seconds
  Import took 0.013564 seconds .

========================================================================
Received Import Request.
  Time since last request: 0.855527 seconds.
  path: Assets/Decorator.cs
  artifactKey: Guid(f57710163e55110418b1fb82fc2b9ef0) Importer(815301076,1909f56bfc062723c751e8b465ee728b)
Start importing Assets/Decorator.cs using Guid(f57710163e55110418b1fb82fc2b9ef0) Importer(815301076,1909f56bfc062723c751e8b465ee728b)  -> (artifact id: '092a6a64564dd5e2875ade8474c3aa74') in 0.007630 seconds
  Import took 0.009810 seconds .

========================================================================
Received Import Request.
  Time since last request: 3.337480 seconds.
  path: Assets/AgentMovement.cs
  artifactKey: Guid(fbd8de7667b08f749955409867221bcc) Importer(815301076,1909f56bfc062723c751e8b465ee728b)
Start importing Assets/AgentMovement.cs using Guid(fbd8de7667b08f749955409867221bcc) Importer(815301076,1909f56bfc062723c751e8b465ee728b)  -> (artifact id: 'a19de3e6db9fbbd13d821267f1f953ec') in 0.009446 seconds
  Import took 0.011548 seconds .

========================================================================
Received Prepare
Registering precompiled user dll's ...
Registered in 0.000728 seconds.
Begin MonoManager ReloadAssembly
Native extension for WindowsStandalone target not found
Native extension for OSXStandalone target not found
Native extension for WebGL target not found
Refreshing native plugins compatible for Editor in 0.19 ms, found 0 plugins.
Preloading 0 native plugins for Editor in 0.00 ms.
Invoked RoslynAnalysisRunner static constructor.
RoslynAnalysisRunner will not be running.
RoslynAnalysisRunner has terminated.
Mono: successfully reloaded assembly
- Completed reload, in  0.768 seconds
Platform modules already initialized, skipping
Refreshing native plugins compatible for Editor in 0.23 ms, found 0 plugins.
Preloading 0 native plugins for Editor in 0.00 ms.
Unloading 1096 Unused Serialized files (Serialized files now loaded: 0)
System memory in use before: 60.2 MB.
System memory in use after: 60.3 MB.

Unloading 4 unused Assets to reduce memory usage. Loaded Objects now: 1592.
Total: 1.737200 ms (FindLiveObjects: 0.157000 ms CreateObjectMapping: 0.042800 ms MarkObjects: 1.517400 ms  DeleteObjects: 0.018300 ms)

========================================================================
Received Prepare
Registering precompiled user dll's ...
Registered in 0.000861 seconds.
Begin MonoManager ReloadAssembly
Native extension for WindowsStandalone target not found
Native extension for OSXStandalone target not found
Native extension for WebGL target not found
Refreshing native plugins compatible for Editor in 0.62 ms, found 0 plugins.
Preloading 0 native plugins for Editor in 0.00 ms.
Invoked RoslynAnalysisRunner static constructor.
RoslynAnalysisRunner will not be running.
RoslynAnalysisRunner has terminated.
Mono: successfully reloaded assembly
- Completed reload, in  1.690 seconds
Platform modules already initialized, skipping
Refreshing native plugins compatible for Editor in 0.78 ms, found 0 plugins.
Preloading 0 native plugins for Editor in 0.00 ms.
Unloading 1096 Unused Serialized files (Serialized files now loaded: 0)
System memory in use before: 60.3 MB.
System memory in use after: 60.4 MB.

Unloading 4 unused Assets to reduce memory usage. Loaded Objects now: 1594.
Total: 2.147000 ms (FindLiveObjects: 0.148600 ms CreateObjectMapping: 0.039400 ms MarkObjects: 1.930200 ms  DeleteObjects: 0.027000 ms)

========================================================================
Received Import Request.
  Time since last request: 3203.277813 seconds.
  path: Assets/Scripts/AgentBahaviour.cs
  artifactKey: Guid(7b377d1684b20fa4ba81b66ea21b339a) Importer(815301076,1909f56bfc062723c751e8b465ee728b)
Start importing Assets/Scripts/AgentBahaviour.cs using Guid(7b377d1684b20fa4ba81b66ea21b339a) Importer(815301076,1909f56bfc062723c751e8b465ee728b)  -> (artifact id: '7a51a63bc6578473587b3d2a60b30dab') in 0.012969 seconds
  Import took 0.015489 seconds .

========================================================================
Received Prepare
Registering precompiled user dll's ...
Registered in 0.001253 seconds.
Begin MonoManager ReloadAssembly
Native extension for WindowsStandalone target not found
Native extension for OSXStandalone target not found
Native extension for WebGL target not found
Refreshing native plugins compatible for Editor in 0.20 ms, found 0 plugins.
Preloading 0 native plugins for Editor in 0.00 ms.
Invoked RoslynAnalysisRunner static constructor.
RoslynAnalysisRunner will not be running.
RoslynAnalysisRunner has terminated.
Mono: successfully reloaded assembly
- Completed reload, in  1.068 seconds
Platform modules already initialized, skipping
Refreshing native plugins compatible for Editor in 0.22 ms, found 0 plugins.
Preloading 0 native plugins for Editor in 0.00 ms.
Unloading 1097 Unused Serialized files (Serialized files now loaded: 0)
System memory in use before: 60.5 MB.
System memory in use after: 60.6 MB.

Unloading 4 unused Assets to reduce memory usage. Loaded Objects now: 1597.
Total: 2.492400 ms (FindLiveObjects: 0.561800 ms CreateObjectMapping: 0.045100 ms MarkObjects: 1.869200 ms  DeleteObjects: 0.014300 ms)

========================================================================
Received Prepare
Registering precompiled user dll's ...
Registered in 0.000749 seconds.
Begin MonoManager ReloadAssembly
Native extension for WindowsStandalone target not found
Native extension for OSXStandalone target not found
Native extension for WebGL target not found
Refreshing native plugins compatible for Editor in 0.20 ms, found 0 plugins.
Preloading 0 native plugins for Editor in 0.00 ms.
Invoked RoslynAnalysisRunner static constructor.
RoslynAnalysisRunner will not be running.
RoslynAnalysisRunner has terminated.
Mono: successfully reloaded assembly
- Completed reload, in  0.888 seconds
Platform modules already initialized, skipping
Refreshing native plugins compatible for Editor in 0.20 ms, found 0 plugins.
Preloading 0 native plugins for Editor in 0.00 ms.
Unloading 1097 Unused Serialized files (Serialized files now loaded: 0)
System memory in use before: 60.7 MB.
System memory in use after: 60.8 MB.

Unloading 4 unused Assets to reduce memory usage. Loaded Objects now: 1599.
Total: 2.195900 ms (FindLiveObjects: 0.209700 ms CreateObjectMapping: 0.057200 ms MarkObjects: 1.909600 ms  DeleteObjects: 0.017600 ms)

========================================================================
Received Prepare
Registering precompiled user dll's ...
Registered in 0.000758 seconds.
Begin MonoManager ReloadAssembly
Native extension for WindowsStandalone target not found
Native extension for OSXStandalone target not found
Native extension for WebGL target not found
Refreshing native plugins compatible for Editor in 0.31 ms, found 0 plugins.
Preloading 0 native plugins for Editor in 0.00 ms.
Invoked RoslynAnalysisRunner static constructor.
RoslynAnalysisRunner will not be running.
RoslynAnalysisRunner has terminated.
Mono: successfully reloaded assembly
- Completed reload, in  1.224 seconds
Platform modules already initialized, skipping
Refreshing native plugins compatible for Editor in 0.21 ms, found 0 plugins.
Preloading 0 native plugins for Editor in 0.00 ms.
Unloading 1098 Unused Serialized files (Serialized files now loaded: 0)
System memory in use before: 60.8 MB.
System memory in use after: 60.9 MB.

Unloading 4 unused Assets to reduce memory usage. Loaded Objects now: 1602.
Total: 1.864500 ms (FindLiveObjects: 0.268900 ms CreateObjectMapping: 0.089200 ms MarkObjects: 1.489100 ms  DeleteObjects: 0.015800 ms)

========================================================================
Received Prepare
Registering precompiled user dll's ...
Registered in 0.000945 seconds.
Begin MonoManager ReloadAssembly
Native extension for WindowsStandalone target not found
Native extension for OSXStandalone target not found
Native extension for WebGL target not found
Refreshing native plugins compatible for Editor in 0.32 ms, found 0 plugins.
Preloading 0 native plugins for Editor in 0.00 ms.
Invoked RoslynAnalysisRunner static constructor.
RoslynAnalysisRunner will not be running.
RoslynAnalysisRunner has terminated.
Mono: successfully reloaded assembly
- Completed reload, in  1.335 seconds
Platform modules already initialized, skipping
Refreshing native plugins compatible for Editor in 0.21 ms, found 0 plugins.
Preloading 0 native plugins for Editor in 0.00 ms.
Unloading 1100 Unused Serialized files (Serialized files now loaded: 0)
System memory in use before: 61.0 MB.
System memory in use after: 61.1 MB.

Unloading 4 unused Assets to reduce memory usage. Loaded Objects now: 1606.
Total: 1.754000 ms (FindLiveObjects: 0.129300 ms CreateObjectMapping: 0.253300 ms MarkObjects: 1.353700 ms  DeleteObjects: 0.016500 ms)

========================================================================
Received Prepare
Registering precompiled user dll's ...
Registered in 0.000691 seconds.
Begin MonoManager ReloadAssembly
Native extension for WindowsStandalone target not found
Native extension for OSXStandalone target not found
Native extension for WebGL target not found
Refreshing native plugins compatible for Editor in 0.20 ms, found 0 plugins.
Preloading 0 native plugins for Editor in 0.00 ms.
Invoked RoslynAnalysisRunner static constructor.
RoslynAnalysisRunner will not be running.
RoslynAnalysisRunner has terminated.
Mono: successfully reloaded assembly
- Completed reload, in  0.780 seconds
Platform modules already initialized, skipping
Refreshing native plugins compatible for Editor in 0.20 ms, found 0 plugins.
Preloading 0 native plugins for Editor in 0.00 ms.
Unloading 1100 Unused Serialized files (Serialized files now loaded: 0)
System memory in use before: 61.1 MB.
System memory in use after: 61.2 MB.

Unloading 4 unused Assets to reduce memory usage. Loaded Objects now: 1608.
Total: 1.637800 ms (FindLiveObjects: 0.245900 ms CreateObjectMapping: 0.056000 ms MarkObjects: 1.320300 ms  DeleteObjects: 0.014000 ms)

========================================================================
Received Prepare
Registering precompiled user dll's ...
Registered in 0.001641 seconds.
Begin MonoManager ReloadAssembly
Native extension for WindowsStandalone target not found
Native extension for OSXStandalone target not found
Native extension for WebGL target not found
Refreshing native plugins compatible for Editor in 0.19 ms, found 0 plugins.
Preloading 0 native plugins for Editor in 0.00 ms.
Invoked RoslynAnalysisRunner static constructor.
RoslynAnalysisRunner will not be running.
RoslynAnalysisRunner has terminated.
Mono: successfully reloaded assembly
- Completed reload, in  0.819 seconds
Platform modules already initialized, skipping
Refreshing native plugins compatible for Editor in 0.18 ms, found 0 plugins.
Preloading 0 native plugins for Editor in 0.00 ms.
Unloading 1100 Unused Serialized files (Serialized files now loaded: 0)
System memory in use before: 61.3 MB.
System memory in use after: 61.4 MB.

Unloading 4 unused Assets to reduce memory usage. Loaded Objects now: 1610.
Total: 1.510100 ms (FindLiveObjects: 0.123900 ms CreateObjectMapping: 0.031500 ms MarkObjects: 1.341600 ms  DeleteObjects: 0.012000 ms)

========================================================================
Received Prepare
Registering precompiled user dll's ...
Registered in 0.000818 seconds.
Begin MonoManager ReloadAssembly
Native extension for WindowsStandalone target not found
Native extension for OSXStandalone target not found
Native extension for WebGL target not found
Refreshing native plugins compatible for Editor in 0.28 ms, found 0 plugins.
Preloading 0 native plugins for Editor in 0.00 ms.
Invoked RoslynAnalysisRunner static constructor.
RoslynAnalysisRunner will not be running.
RoslynAnalysisRunner has terminated.
Mono: successfully reloaded assembly
- Completed reload, in  1.134 seconds
Platform modules already initialized, skipping
Refreshing native plugins compatible for Editor in 0.30 ms, found 0 plugins.
Preloading 0 native plugins for Editor in 0.00 ms.
Unloading 1100 Unused Serialized files (Serialized files now loaded: 0)
System memory in use before: 61.4 MB.
System memory in use after: 61.5 MB.

Unloading 4 unused Assets to reduce memory usage. Loaded Objects now: 1612.
Total: 1.963300 ms (FindLiveObjects: 0.231800 ms CreateObjectMapping: 0.083100 ms MarkObjects: 1.630700 ms  DeleteObjects: 0.016300 ms)

========================================================================
Received Prepare
Registering precompiled user dll's ...
Registered in 0.000946 seconds.
Begin MonoManager ReloadAssembly
Native extension for WindowsStandalone target not found
Native extension for OSXStandalone target not found
Native extension for WebGL target not found
Refreshing native plugins compatible for Editor in 0.25 ms, found 0 plugins.
Preloading 0 native plugins for Editor in 0.00 ms.
Invoked RoslynAnalysisRunner static constructor.
RoslynAnalysisRunner will not be running.
RoslynAnalysisRunner has terminated.
Mono: successfully reloaded assembly
- Completed reload, in  1.104 seconds
Platform modules already initialized, skipping
Refreshing native plugins compatible for Editor in 0.19 ms, found 0 plugins.
Preloading 0 native plugins for Editor in 0.00 ms.
Unloading 1100 Unused Serialized files (Serialized files now loaded: 0)
System memory in use before: 61.6 MB.
System memory in use after: 61.7 MB.

Unloading 4 unused Assets to reduce memory usage. Loaded Objects now: 1614.
Total: 1.805400 ms (FindLiveObjects: 0.217900 ms CreateObjectMapping: 0.071700 ms MarkObjects: 1.499200 ms  DeleteObjects: 0.014500 ms)

========================================================================
Received Prepare
Registering precompiled user dll's ...
Registered in 0.000786 seconds.
Begin MonoManager ReloadAssembly
Native extension for WindowsStandalone target not found
Native extension for OSXStandalone target not found
Native extension for WebGL target not found
Refreshing native plugins compatible for Editor in 0.21 ms, found 0 plugins.
Preloading 0 native plugins for Editor in 0.00 ms.
Invoked RoslynAnalysisRunner static constructor.
RoslynAnalysisRunner will not be running.
RoslynAnalysisRunner has terminated.
Mono: successfully reloaded assembly
- Completed reload, in  1.005 seconds
Platform modules already initialized, skipping
Refreshing native plugins compatible for Editor in 0.35 ms, found 0 plugins.
Preloading 0 native plugins for Editor in 0.00 ms.
Unloading 1100 Unused Serialized files (Serialized files now loaded: 0)
System memory in use before: 61.7 MB.
System memory in use after: 61.8 MB.

Unloading 4 unused Assets to reduce memory usage. Loaded Objects now: 1616.
Total: 2.234100 ms (FindLiveObjects: 0.338200 ms CreateObjectMapping: 0.102300 ms MarkObjects: 1.767300 ms  DeleteObjects: 0.024400 ms)

========================================================================
Received Prepare
Registering precompiled user dll's ...
Registered in 0.000898 seconds.
Begin MonoManager ReloadAssembly
Native extension for WindowsStandalone target not found
Native extension for OSXStandalone target not found
Native extension for WebGL target not found
Refreshing native plugins compatible for Editor in 0.29 ms, found 0 plugins.
Preloading 0 native plugins for Editor in 0.00 ms.
Invoked RoslynAnalysisRunner static constructor.
RoslynAnalysisRunner will not be running.
RoslynAnalysisRunner has terminated.
Mono: successfully reloaded assembly
- Completed reload, in  0.995 seconds
Platform modules already initialized, skipping
Refreshing native plugins compatible for Editor in 0.21 ms, found 0 plugins.
Preloading 0 native plugins for Editor in 0.00 ms.
Unloading 1100 Unused Serialized files (Serialized files now loaded: 0)
System memory in use before: 61.8 MB.
System memory in use after: 61.9 MB.

Unloading 4 unused Assets to reduce memory usage. Loaded Objects now: 1618.
Total: 1.828200 ms (FindLiveObjects: 0.233300 ms CreateObjectMapping: 0.100600 ms MarkObjects: 1.470700 ms  DeleteObjects: 0.021800 ms)

========================================================================
Received Prepare
Registering precompiled user dll's ...
Registered in 0.000928 seconds.
Begin MonoManager ReloadAssembly
Native extension for WindowsStandalone target not found
Native extension for OSXStandalone target not found
Native extension for WebGL target not found
Refreshing native plugins compatible for Editor in 0.36 ms, found 0 plugins.
Preloading 0 native plugins for Editor in 0.00 ms.
Invoked RoslynAnalysisRunner static constructor.
RoslynAnalysisRunner will not be running.
RoslynAnalysisRunner has terminated.
Mono: successfully reloaded assembly
- Completed reload, in  0.992 seconds
Platform modules already initialized, skipping
Refreshing native plugins compatible for Editor in 0.22 ms, found 0 plugins.
Preloading 0 native plugins for Editor in 0.00 ms.
Unloading 1100 Unused Serialized files (Serialized files now loaded: 0)
System memory in use before: 62.0 MB.
System memory in use after: 62.1 MB.

Unloading 4 unused Assets to reduce memory usage. Loaded Objects now: 1620.
Total: 1.850900 ms (FindLiveObjects: 0.207100 ms CreateObjectMapping: 0.049600 ms MarkObjects: 1.577800 ms  DeleteObjects: 0.014900 ms)

========================================================================
Received Prepare
Registering precompiled user dll's ...
Registered in 0.000653 seconds.
Begin MonoManager ReloadAssembly
Native extension for WindowsStandalone target not found
Native extension for OSXStandalone target not found
Native extension for WebGL target not found
Refreshing native plugins compatible for Editor in 0.19 ms, found 0 plugins.
Preloading 0 native plugins for Editor in 0.00 ms.
Invoked RoslynAnalysisRunner static constructor.
RoslynAnalysisRunner will not be running.
RoslynAnalysisRunner has terminated.
Mono: successfully reloaded assembly
- Completed reload, in  0.881 seconds
Platform modules already initialized, skipping
Refreshing native plugins compatible for Editor in 0.19 ms, found 0 plugins.
Preloading 0 native plugins for Editor in 0.00 ms.
Unloading 1100 Unused Serialized files (Serialized files now loaded: 0)
System memory in use before: 62.0 MB.
System memory in use after: 62.1 MB.

Unloading 4 unused Assets to reduce memory usage. Loaded Objects now: 1622.
Total: 1.992500 ms (FindLiveObjects: 0.155700 ms CreateObjectMapping: 0.033800 ms MarkObjects: 1.786700 ms  DeleteObjects: 0.014700 ms)

AssetImportWorkerClient::OnTransportError - code=2 error=End of file
