Using pre-set license
Built from '2020.2/release' branch; Version is '2020.2.2f1 (068178b99f32) revision 426360'; Using compiler version '192528614'; Build Type 'Release'
OS: 'Windows 10 Pro; OS build 19042.962; Version 2009; 64bit' Language: 'en' Physical Memory: 32608 MB
BatchMode: 1, IsHumanControllingUs: 0, StartBugReporterOnCrash: 0, Is64bit: 1, IsPro: 0

 COMMAND LINE ARGUMENTS:
D:\Applications\Unity\Editors\2020.2.2f1\Editor\Unity.exe
-adb2
-batchMode
-noUpm
-name
AssetImportWorker0
-projectPath
C:/Users/ozaud/Desktop/Mall
-logFile
Logs/AssetImportWorker0.log
-srvPort
65240
Successfully changed project path to: C:/Users/ozaud/Desktop/Mall
C:/Users/ozaud/Desktop/Mall
Using Asset Import Pipeline V2.
Refreshing native plugins compatible for Editor in 57.93 ms, found 0 plugins.
Preloading 0 native plugins for Editor in 0.00 ms.
Initialize engine version: 2020.2.2f1 (068178b99f32)
[Subsystems] Discovering subsystems at path D:/Applications/Unity/Editors/2020.2.2f1/Editor/Data/Resources/UnitySubsystems
[Subsystems] Discovering subsystems at path C:/Users/ozaud/Desktop/Mall/Assets
GfxDevice: creating device client; threaded=0
Direct3D:
    Version:  Direct3D 11.0 [level 11.1]
    Renderer: NVIDIA GeForce GTX 1070 with Max-Q Design (ID=0x1ba1)
    Vendor:   
    VRAM:     8082 MB
    Driver:   27.21.14.6231
Initialize mono
Mono path[0] = 'D:/Applications/Unity/Editors/2020.2.2f1/Editor/Data/Managed'
Mono path[1] = 'D:/Applications/Unity/Editors/2020.2.2f1/Editor/Data/MonoBleedingEdge/lib/mono/unityjit'
Mono config path = 'D:/Applications/Unity/Editors/2020.2.2f1/Editor/Data/MonoBleedingEdge/etc'
Using monoOptions --debugger-agent=transport=dt_socket,embedding=1,server=y,suspend=n,address=127.0.0.1:56860
Begin MonoManager ReloadAssembly
Registering precompiled unity dll's ...
Register platform support module: D:/Applications/Unity/Editors/2020.2.2f1/Editor/Data/PlaybackEngines/WebGLSupport/UnityEditor.WebGL.Extensions.dll
Register platform support module: D:/Applications/Unity/Editors/2020.2.2f1/Editor/Data/PlaybackEngines/MacStandaloneSupport/UnityEditor.OSXStandalone.Extensions.dll
Register platform support module: D:/Applications/Unity/Editors/2020.2.2f1/Editor/Data/PlaybackEngines/WindowsStandaloneSupport/UnityEditor.WindowsStandalone.Extensions.dll
Registered in 0.014586 seconds.
Native extension for WindowsStandalone target not found
Native extension for OSXStandalone target not found
Native extension for WebGL target not found
Refreshing native plugins compatible for Editor in 39.94 ms, found 0 plugins.
Preloading 0 native plugins for Editor in 0.00 ms.
Invoked RoslynAnalysisRunner static constructor.
RoslynAnalysisRunner will not be running.
RoslynAnalysisRunner has terminated.
Mono: successfully reloaded assembly
- Completed reload, in  2.456 seconds
Platform modules already initialized, skipping
Registering precompiled user dll's ...
Registered in 0.000798 seconds.
Begin MonoManager ReloadAssembly
Native extension for WindowsStandalone target not found
Native extension for OSXStandalone target not found
Native extension for WebGL target not found
Refreshing native plugins compatible for Editor in 0.44 ms, found 0 plugins.
Preloading 0 native plugins for Editor in 0.00 ms.
Invoked RoslynAnalysisRunner static constructor.
RoslynAnalysisRunner will not be running.
RoslynAnalysisRunner has terminated.
Mono: successfully reloaded assembly
- Completed reload, in  1.522 seconds
Platform modules already initialized, skipping
========================================================================
Worker process is ready to serve import requests
Launched and connected shader compiler UnityShaderCompiler.exe after 0.11 seconds
Refreshing native plugins compatible for Editor in 0.53 ms, found 0 plugins.
Preloading 0 native plugins for Editor in 0.00 ms.
Unloading 1099 Unused Serialized files (Serialized files now loaded: 0)
System memory in use before: 56.4 MB.
System memory in use after: 56.5 MB.

Unloading 9 unused Assets to reduce memory usage. Loaded Objects now: 1541.
Total: 2.227200 ms (FindLiveObjects: 0.186100 ms CreateObjectMapping: 0.045900 ms MarkObjects: 1.904400 ms  DeleteObjects: 0.088900 ms)

========================================================================
Received Import Request.
  path: Assets/Scenes
  artifactKey: Guid(817e2cefb39724aeaa017caa9ea7158e) Importer(815301076,1909f56bfc062723c751e8b465ee728b)
Start importing Assets/Scenes using Guid(817e2cefb39724aeaa017caa9ea7158e) Importer(815301076,1909f56bfc062723c751e8b465ee728b)  -> (artifact id: '0871db0cfbb637a7683e102f27684389') in 0.026451 seconds
  Import took 0.031964 seconds .

========================================================================
Received Import Request.
  Time since last request: 0.000744 seconds.
  path: Assets/Scenes/SampleScene.unity
  artifactKey: Guid(9fc0d4010bbf28b4594072e72b8655ab) Importer(815301076,1909f56bfc062723c751e8b465ee728b)
Start importing Assets/Scenes/SampleScene.unity using Guid(9fc0d4010bbf28b4594072e72b8655ab) Importer(815301076,1909f56bfc062723c751e8b465ee728b)  -> (artifact id: '212f4dc0a5ff2788cc473bcaeee39b1a') in 0.036387 seconds
  Import took 0.044428 seconds .

========================================================================
Received Import Request.
  Time since last request: 889.571541 seconds.
  path: Assets/Scenes/Prefab
  artifactKey: Guid(efff5c7055930e04bad5536d804ff2cf) Importer(815301076,1909f56bfc062723c751e8b465ee728b)
Start importing Assets/Scenes/Prefab using Guid(efff5c7055930e04bad5536d804ff2cf) Importer(815301076,1909f56bfc062723c751e8b465ee728b)  -> (artifact id: '8996539207dc4ea0ecd52993f4ff3e5c') in 0.007003 seconds
  Import took 0.009359 seconds .

========================================================================
Received Import Request.
  Time since last request: 0.000859 seconds.
  path: Assets/Scenes/Prefab
  artifactKey: Guid(efff5c7055930e04bad5536d804ff2cf) Importer(815301076,1909f56bfc062723c751e8b465ee728b)
Start importing Assets/Scenes/Prefab using Guid(efff5c7055930e04bad5536d804ff2cf) Importer(815301076,1909f56bfc062723c751e8b465ee728b)  -> (artifact id: '8996539207dc4ea0ecd52993f4ff3e5c') in 0.002366 seconds
  Import took 0.003993 seconds .

========================================================================
Received Import Request.
  Time since last request: 2.478248 seconds.
  path: Assets/Scenes/Prefab/Cylinder.prefab
  artifactKey: Guid(ebc3325d457a48d4f8de86bf962362c5) Importer(815301076,1909f56bfc062723c751e8b465ee728b)
Start importing Assets/Scenes/Prefab/Cylinder.prefab using Guid(ebc3325d457a48d4f8de86bf962362c5) Importer(815301076,1909f56bfc062723c751e8b465ee728b)  -> (artifact id: 'b9cbe5a31232ae96f1f1047e0c0c1706') in 0.114919 seconds
  Import took 0.116654 seconds .

========================================================================
Received Import Request.
  Time since last request: 4.773434 seconds.
  path: Assets/Scenes/Prefab/Food.prefab
  artifactKey: Guid(ebc3325d457a48d4f8de86bf962362c5) Importer(815301076,1909f56bfc062723c751e8b465ee728b)
Start importing Assets/Scenes/Prefab/Food.prefab using Guid(ebc3325d457a48d4f8de86bf962362c5) Importer(815301076,1909f56bfc062723c751e8b465ee728b)  -> (artifact id: 'd0b41faf7fac89e846f5347894cc3230') in 0.024700 seconds
  Import took 0.027293 seconds .

========================================================================
Received Import Request.
  Time since last request: 12.119527 seconds.
  path: Assets/Scenes/Materials
  artifactKey: Guid(cc0dc668633844543bab46420e8ce92c) Importer(815301076,1909f56bfc062723c751e8b465ee728b)
Start importing Assets/Scenes/Materials using Guid(cc0dc668633844543bab46420e8ce92c) Importer(815301076,1909f56bfc062723c751e8b465ee728b)  -> (artifact id: '506b261c43a7421f41a457f45cac3bc6') in 0.013743 seconds
  Import took 0.018666 seconds .

========================================================================
Received Import Request.
  Time since last request: 0.001313 seconds.
  path: Assets/Scenes/Materials
  artifactKey: Guid(cc0dc668633844543bab46420e8ce92c) Importer(815301076,1909f56bfc062723c751e8b465ee728b)
Start importing Assets/Scenes/Materials using Guid(cc0dc668633844543bab46420e8ce92c) Importer(815301076,1909f56bfc062723c751e8b465ee728b)  -> (artifact id: '506b261c43a7421f41a457f45cac3bc6') in 0.002481 seconds
  Import took 0.004365 seconds .

========================================================================
Received Import Request.
  Time since last request: 7.057830 seconds.
  path: Assets/Scenes/Materials/Food.mat
  artifactKey: Guid(668f0c4906d0e134ea3e83d0587f02e2) Importer(815301076,1909f56bfc062723c751e8b465ee728b)
Start importing Assets/Scenes/Materials/Food.mat using Guid(668f0c4906d0e134ea3e83d0587f02e2) Importer(815301076,1909f56bfc062723c751e8b465ee728b)  -> (artifact id: 'eac5b49335019234f57d1cdd1c945aed') in 0.079684 seconds
  Import took 0.081438 seconds .

========================================================================
Received Import Request.
  Time since last request: 52.974250 seconds.
  path: Assets/Scenes/Materials/Cylinder (4) Variant.prefab
  artifactKey: Guid(28945d5717fd43f48b23bb17d1fa0c34) Importer(815301076,1909f56bfc062723c751e8b465ee728b)
Start importing Assets/Scenes/Materials/Cylinder (4) Variant.prefab using Guid(28945d5717fd43f48b23bb17d1fa0c34) Importer(815301076,1909f56bfc062723c751e8b465ee728b)  -> (artifact id: '42623fd688fe14dd314d0286a3e6ddf8') in 0.013851 seconds
  Import took 0.015672 seconds .

========================================================================
Received Import Request.
  Time since last request: 0.005407 seconds.
  path: Assets/Scenes/Materials/Cylinder (4) Variant.prefab
  artifactKey: Guid(28945d5717fd43f48b23bb17d1fa0c34) Importer(815301076,1909f56bfc062723c751e8b465ee728b)
Start importing Assets/Scenes/Materials/Cylinder (4) Variant.prefab using Guid(28945d5717fd43f48b23bb17d1fa0c34) Importer(815301076,1909f56bfc062723c751e8b465ee728b)  -> (artifact id: '42623fd688fe14dd314d0286a3e6ddf8') in 0.007558 seconds
  Import took 0.009336 seconds .

========================================================================
Received Import Request.
  Time since last request: 7.076600 seconds.
  path: Assets/Scenes/Materials/Rest.prefab
  artifactKey: Guid(28945d5717fd43f48b23bb17d1fa0c34) Importer(815301076,1909f56bfc062723c751e8b465ee728b)
Start importing Assets/Scenes/Materials/Rest.prefab using Guid(28945d5717fd43f48b23bb17d1fa0c34) Importer(815301076,1909f56bfc062723c751e8b465ee728b)  -> (artifact id: 'eb39e5355412c2a7ebc151480ca83afd') in 0.014068 seconds
  Import took 0.016538 seconds .

========================================================================
Received Import Request.
  Time since last request: 23.163667 seconds.
  path: Assets/Scenes/Prefab/Food.prefab
  artifactKey: Guid(ebc3325d457a48d4f8de86bf962362c5) Importer(815301076,1909f56bfc062723c751e8b465ee728b)
Start importing Assets/Scenes/Prefab/Food.prefab using Guid(ebc3325d457a48d4f8de86bf962362c5) Importer(815301076,1909f56bfc062723c751e8b465ee728b)  -> (artifact id: 'f076ffc82ee23053cab4d411ae501ecd') in 0.008322 seconds
  Import took 0.010162 seconds .

========================================================================
Received Import Request.
  Time since last request: 16.288553 seconds.
  path: Assets/Scenes/Materials/New Material.mat
  artifactKey: Guid(05f1796b356818943a9d0bc59b19aec2) Importer(815301076,1909f56bfc062723c751e8b465ee728b)
Start importing Assets/Scenes/Materials/New Material.mat using Guid(05f1796b356818943a9d0bc59b19aec2) Importer(815301076,1909f56bfc062723c751e8b465ee728b)  -> (artifact id: '170a7eace64787e8ed85329d9033d721') in 0.016927 seconds
  Import took 0.018928 seconds .

========================================================================
Received Import Request.
  Time since last request: 62.291165 seconds.
  path: Assets/Scenes/SampleScene
  artifactKey: Guid(d272aad1720e1de45a6d1276371e06aa) Importer(815301076,1909f56bfc062723c751e8b465ee728b)
Start importing Assets/Scenes/SampleScene using Guid(d272aad1720e1de45a6d1276371e06aa) Importer(815301076,1909f56bfc062723c751e8b465ee728b)  -> (artifact id: '14daa2055a358bafb525f8effec7433f') in 0.009506 seconds
  Import took 0.011305 seconds .

========================================================================
Received Import Request.
  Time since last request: 0.001318 seconds.
  path: Assets/Scenes/SampleScene
  artifactKey: Guid(d272aad1720e1de45a6d1276371e06aa) Importer(815301076,1909f56bfc062723c751e8b465ee728b)
Start importing Assets/Scenes/SampleScene using Guid(d272aad1720e1de45a6d1276371e06aa) Importer(815301076,1909f56bfc062723c751e8b465ee728b)  -> (artifact id: '14daa2055a358bafb525f8effec7433f') in 0.003310 seconds
  Import took 0.005040 seconds .

========================================================================
Received Import Request.
  Time since last request: 1335.439785 seconds.
  path: Assets
  artifactKey: Guid(00000000000000001000000000000000) Importer(815301076,1909f56bfc062723c751e8b465ee728b)
Start importing Assets using Guid(00000000000000001000000000000000) Importer(815301076,1909f56bfc062723c751e8b465ee728b)  -> (artifact id: '4a6e520b92ccfc61bcfa21a7bcab8468') in 0.007558 seconds
  Import took 0.009653 seconds .

========================================================================
Received Import Request.
  Time since last request: 7.825967 seconds.
  path: Assets/New Animator Controller.controller
  artifactKey: Guid(8da6f0f6113ee1c499cd9b0c7671a2fa) Importer(815301076,1909f56bfc062723c751e8b465ee728b)
Start importing Assets/New Animator Controller.controller using Guid(8da6f0f6113ee1c499cd9b0c7671a2fa) Importer(815301076,1909f56bfc062723c751e8b465ee728b)  -> (artifact id: '13a6e415603f1ad759c6c379c337b0bf') in 0.011473 seconds
  Import took 0.013170 seconds .

========================================================================
Received Prepare
Registering precompiled user dll's ...
Registered in 0.000634 seconds.
Begin MonoManager ReloadAssembly
Native extension for WindowsStandalone target not found
Native extension for OSXStandalone target not found
Native extension for WebGL target not found
Refreshing native plugins compatible for Editor in 0.20 ms, found 0 plugins.
Preloading 0 native plugins for Editor in 0.00 ms.
Invoked RoslynAnalysisRunner static constructor.
RoslynAnalysisRunner will not be running.
RoslynAnalysisRunner has terminated.
Mono: successfully reloaded assembly
- Completed reload, in  0.860 seconds
Platform modules already initialized, skipping
Refreshing native plugins compatible for Editor in 0.18 ms, found 0 plugins.
Preloading 0 native plugins for Editor in 0.00 ms.
Unloading 1094 Unused Serialized files (Serialized files now loaded: 0)
System memory in use before: 59.8 MB.
System memory in use after: 59.9 MB.

Unloading 5 unused Assets to reduce memory usage. Loaded Objects now: 1585.
Total: 2.351400 ms (FindLiveObjects: 0.545600 ms CreateObjectMapping: 0.193800 ms MarkObjects: 1.589100 ms  DeleteObjects: 0.020900 ms)

========================================================================
Received Prepare
Registering precompiled user dll's ...
Registered in 0.000648 seconds.
Begin MonoManager ReloadAssembly
Native extension for WindowsStandalone target not found
Native extension for OSXStandalone target not found
Native extension for WebGL target not found
Refreshing native plugins compatible for Editor in 0.37 ms, found 0 plugins.
Preloading 0 native plugins for Editor in 0.00 ms.
Invoked RoslynAnalysisRunner static constructor.
RoslynAnalysisRunner will not be running.
RoslynAnalysisRunner has terminated.
Mono: successfully reloaded assembly
- Completed reload, in  0.816 seconds
Platform modules already initialized, skipping
Refreshing native plugins compatible for Editor in 0.21 ms, found 0 plugins.
Preloading 0 native plugins for Editor in 0.00 ms.
Unloading 1094 Unused Serialized files (Serialized files now loaded: 0)
System memory in use before: 59.9 MB.
System memory in use after: 60.0 MB.

Unloading 4 unused Assets to reduce memory usage. Loaded Objects now: 1587.
Total: 2.399600 ms (FindLiveObjects: 0.286800 ms CreateObjectMapping: 0.101600 ms MarkObjects: 1.988300 ms  DeleteObjects: 0.020000 ms)

========================================================================
Received Prepare
Registering precompiled user dll's ...
Registered in 0.000671 seconds.
Begin MonoManager ReloadAssembly
Native extension for WindowsStandalone target not found
Native extension for OSXStandalone target not found
Native extension for WebGL target not found
Refreshing native plugins compatible for Editor in 0.19 ms, found 0 plugins.
Preloading 0 native plugins for Editor in 0.00 ms.
Invoked RoslynAnalysisRunner static constructor.
RoslynAnalysisRunner will not be running.
RoslynAnalysisRunner has terminated.
Mono: successfully reloaded assembly
- Completed reload, in  0.847 seconds
Platform modules already initialized, skipping
Refreshing native plugins compatible for Editor in 0.18 ms, found 0 plugins.
Preloading 0 native plugins for Editor in 0.00 ms.
Unloading 1094 Unused Serialized files (Serialized files now loaded: 0)
System memory in use before: 60.0 MB.
System memory in use after: 60.1 MB.

Unloading 4 unused Assets to reduce memory usage. Loaded Objects now: 1589.
Total: 1.764600 ms (FindLiveObjects: 0.134100 ms CreateObjectMapping: 0.053000 ms MarkObjects: 1.560600 ms  DeleteObjects: 0.015100 ms)

========================================================================
Received Import Request.
  Time since last request: 523.448624 seconds.
  path: Assets/FindRest.cs
  artifactKey: Guid(4ad77c472f2b3fb4f8542c3b03c83afa) Importer(815301076,1909f56bfc062723c751e8b465ee728b)
Start importing Assets/FindRest.cs using Guid(4ad77c472f2b3fb4f8542c3b03c83afa) Importer(815301076,1909f56bfc062723c751e8b465ee728b)  -> (artifact id: '019ddcdab0db56cb910974aa99f0d0f5') in 0.014528 seconds
  Import took 0.016557 seconds .

========================================================================
Received Import Request.
  Time since last request: 14.997668 seconds.
  path: Assets/DecisionRoot.cs
  artifactKey: Guid(4ad77c472f2b3fb4f8542c3b03c83afa) Importer(815301076,1909f56bfc062723c751e8b465ee728b)
Start importing Assets/DecisionRoot.cs using Guid(4ad77c472f2b3fb4f8542c3b03c83afa) Importer(815301076,1909f56bfc062723c751e8b465ee728b)  -> (artifact id: 'a7f157505e012bf42f3f5ae4788be088') in 0.009597 seconds
  Import took 0.011532 seconds .

========================================================================
Received Import Request.
  Time since last request: 0.000864 seconds.
  path: Assets/DecisionRoot.cs
  artifactKey: Guid(4ad77c472f2b3fb4f8542c3b03c83afa) Importer(815301076,1909f56bfc062723c751e8b465ee728b)
Start importing Assets/DecisionRoot.cs using Guid(4ad77c472f2b3fb4f8542c3b03c83afa) Importer(815301076,1909f56bfc062723c751e8b465ee728b)  -> (artifact id: 'a7f157505e012bf42f3f5ae4788be088') in 0.003439 seconds
  Import took 0.005438 seconds .

========================================================================
Received Prepare
Registering precompiled user dll's ...
Registered in 0.000718 seconds.
Begin MonoManager ReloadAssembly
Native extension for WindowsStandalone target not found
Native extension for OSXStandalone target not found
Native extension for WebGL target not found
Refreshing native plugins compatible for Editor in 0.19 ms, found 0 plugins.
Preloading 0 native plugins for Editor in 0.00 ms.
Invoked RoslynAnalysisRunner static constructor.
RoslynAnalysisRunner will not be running.
RoslynAnalysisRunner has terminated.
Mono: successfully reloaded assembly
- Completed reload, in  0.850 seconds
Platform modules already initialized, skipping
Refreshing native plugins compatible for Editor in 0.20 ms, found 0 plugins.
Preloading 0 native plugins for Editor in 0.00 ms.
Unloading 1094 Unused Serialized files (Serialized files now loaded: 0)
System memory in use before: 60.1 MB.
System memory in use after: 60.2 MB.

Unloading 4 unused Assets to reduce memory usage. Loaded Objects now: 1591.
Total: 1.921900 ms (FindLiveObjects: 0.211200 ms CreateObjectMapping: 0.048900 ms MarkObjects: 1.645200 ms  DeleteObjects: 0.014600 ms)

========================================================================
Received Prepare
Registering precompiled user dll's ...
Registered in 0.000694 seconds.
Begin MonoManager ReloadAssembly
Native extension for WindowsStandalone target not found
Native extension for OSXStandalone target not found
Native extension for WebGL target not found
Refreshing native plugins compatible for Editor in 0.23 ms, found 0 plugins.
Preloading 0 native plugins for Editor in 0.00 ms.
Invoked RoslynAnalysisRunner static constructor.
RoslynAnalysisRunner will not be running.
RoslynAnalysisRunner has terminated.
Mono: successfully reloaded assembly
- Completed reload, in  0.871 seconds
Platform modules already initialized, skipping
Refreshing native plugins compatible for Editor in 0.18 ms, found 0 plugins.
Preloading 0 native plugins for Editor in 0.00 ms.
Unloading 1094 Unused Serialized files (Serialized files now loaded: 0)
System memory in use before: 60.2 MB.
System memory in use after: 60.3 MB.

Unloading 4 unused Assets to reduce memory usage. Loaded Objects now: 1593.
Total: 1.658300 ms (FindLiveObjects: 0.139200 ms CreateObjectMapping: 0.033500 ms MarkObjects: 1.470500 ms  DeleteObjects: 0.013800 ms)

========================================================================
Received Prepare
Registering precompiled user dll's ...
Registered in 0.000895 seconds.
Begin MonoManager ReloadAssembly
Native extension for WindowsStandalone target not found
Native extension for OSXStandalone target not found
Native extension for WebGL target not found
Refreshing native plugins compatible for Editor in 0.19 ms, found 0 plugins.
Preloading 0 native plugins for Editor in 0.00 ms.
Invoked RoslynAnalysisRunner static constructor.
RoslynAnalysisRunner will not be running.
RoslynAnalysisRunner has terminated.
Mono: successfully reloaded assembly
- Completed reload, in  1.040 seconds
Platform modules already initialized, skipping
Refreshing native plugins compatible for Editor in 0.22 ms, found 0 plugins.
Preloading 0 native plugins for Editor in 0.00 ms.
Unloading 1095 Unused Serialized files (Serialized files now loaded: 0)
System memory in use before: 60.4 MB.
System memory in use after: 60.5 MB.

Unloading 4 unused Assets to reduce memory usage. Loaded Objects now: 1596.
Total: 2.808900 ms (FindLiveObjects: 0.203100 ms CreateObjectMapping: 0.076000 ms MarkObjects: 2.510200 ms  DeleteObjects: 0.018200 ms)

========================================================================
Received Prepare
Registering precompiled user dll's ...
Registered in 0.000836 seconds.
Begin MonoManager ReloadAssembly
Native extension for WindowsStandalone target not found
Native extension for OSXStandalone target not found
Native extension for WebGL target not found
Refreshing native plugins compatible for Editor in 0.19 ms, found 0 plugins.
Preloading 0 native plugins for Editor in 0.00 ms.
Invoked RoslynAnalysisRunner static constructor.
RoslynAnalysisRunner will not be running.
RoslynAnalysisRunner has terminated.
Mono: successfully reloaded assembly
- Completed reload, in  0.812 seconds
Platform modules already initialized, skipping
Refreshing native plugins compatible for Editor in 0.19 ms, found 0 plugins.
Preloading 0 native plugins for Editor in 0.00 ms.
Unloading 1095 Unused Serialized files (Serialized files now loaded: 0)
System memory in use before: 60.5 MB.
System memory in use after: 60.6 MB.

Unloading 4 unused Assets to reduce memory usage. Loaded Objects now: 1598.
Total: 1.511500 ms (FindLiveObjects: 0.209300 ms CreateObjectMapping: 0.053800 ms MarkObjects: 1.228300 ms  DeleteObjects: 0.018300 ms)

========================================================================
Received Prepare
Registering precompiled user dll's ...
Registered in 0.001204 seconds.
Begin MonoManager ReloadAssembly
Native extension for WindowsStandalone target not found
Native extension for OSXStandalone target not found
Native extension for WebGL target not found
Refreshing native plugins compatible for Editor in 0.22 ms, found 0 plugins.
Preloading 0 native plugins for Editor in 0.00 ms.
Invoked RoslynAnalysisRunner static constructor.
RoslynAnalysisRunner will not be running.
RoslynAnalysisRunner has terminated.
Mono: successfully reloaded assembly
- Completed reload, in  1.617 seconds
Platform modules already initialized, skipping
Refreshing native plugins compatible for Editor in 0.30 ms, found 0 plugins.
Preloading 0 native plugins for Editor in 0.00 ms.
Unloading 1095 Unused Serialized files (Serialized files now loaded: 0)
System memory in use before: 60.6 MB.
System memory in use after: 60.7 MB.

Unloading 4 unused Assets to reduce memory usage. Loaded Objects now: 1600.
Total: 4.136500 ms (FindLiveObjects: 0.278200 ms CreateObjectMapping: 0.617800 ms MarkObjects: 3.213500 ms  DeleteObjects: 0.024600 ms)

========================================================================
Received Prepare
Registering precompiled user dll's ...
Registered in 0.000639 seconds.
Begin MonoManager ReloadAssembly
Native extension for WindowsStandalone target not found
Native extension for OSXStandalone target not found
Native extension for WebGL target not found
Refreshing native plugins compatible for Editor in 0.19 ms, found 0 plugins.
Preloading 0 native plugins for Editor in 0.00 ms.
Invoked RoslynAnalysisRunner static constructor.
RoslynAnalysisRunner will not be running.
RoslynAnalysisRunner has terminated.
Mono: successfully reloaded assembly
- Completed reload, in  0.776 seconds
Platform modules already initialized, skipping
Refreshing native plugins compatible for Editor in 0.18 ms, found 0 plugins.
Preloading 0 native plugins for Editor in 0.00 ms.
Unloading 1095 Unused Serialized files (Serialized files now loaded: 0)
System memory in use before: 60.7 MB.
System memory in use after: 60.8 MB.

Unloading 4 unused Assets to reduce memory usage. Loaded Objects now: 1602.
Total: 1.493700 ms (FindLiveObjects: 0.126800 ms CreateObjectMapping: 0.034000 ms MarkObjects: 1.317200 ms  DeleteObjects: 0.014400 ms)

AssetImportWorkerClient::OnTransportError - code=2 error=End of file
